oct. 31, 2022 9:56:11 P. M. org.apache.coyote.AbstractProtocol start
INFO: Starting ProtocolHandler ["http-nio-5000"]
oct. 31, 2022 9:56:18 P. M. org.apache.catalina.core.ApplicationContext log
INFO: Initializing Spring DispatcherServlet 'dispatcherServlet'
oct. 31, 2022 9:56:18 P. M. org.jalau.at18.searchobject.middleware.ProcessFrameControllerMidleware doFilter
INFO: MODEL PROCESS FRAME CONTROLLER
oct. 31, 2022 9:56:18 P. M. org.jalau.at18.searchobject.middleware.ProcessFrameControllerMidleware doFilter
WARNING:  THE FILE IS EMPTY OR NOT A .zip FILE 
oct. 31, 2022 9:56:18 P. M. org.jalau.at18.searchobject.middleware.ProcessFrameControllerMidleware doFilter
WARNING:  ERROR LOADING THE MODEL org.jalau.at18.searchobject.common.exception.MiddlewareException:     THE FILE IS EMPTY OR NOT A .zip FILE 
oct. 31, 2022 9:56:34 P. M. org.jalau.at18.searchobject.middleware.ProcessFrameControllerMidleware doFilter
INFO: MODEL PROCESS FRAME CONTROLLER
oct. 31, 2022 9:56:34 P. M. org.jalau.at18.searchobject.middleware.ProcessFrameControllerMidleware doFilter
WARNING:  THE FILE IS EMPTY OR NOT A .zip FILE 
oct. 31, 2022 9:56:34 P. M. org.jalau.at18.searchobject.middleware.ProcessFrameControllerMidleware doFilter
WARNING:  ERROR LOADING THE MODEL org.jalau.at18.searchobject.common.exception.MiddlewareException:     THE FILE IS EMPTY OR NOT A .zip FILE 
oct. 31, 2022 9:56:40 P. M. org.jalau.at18.searchobject.middleware.FaceDetectionControllerMiddleware doFilter
INFO:  MODEL FACE DETECTION  
oct. 31, 2022 9:56:40 P. M. org.jalau.at18.searchobject.middleware.FaceDetectionControllerMiddleware doFilter
WARNING:  ENTER AN IMAGE 
oct. 31, 2022 9:56:40 P. M. org.jalau.at18.searchobject.middleware.FaceDetectionControllerMiddleware doFilter
WARNING:  ERROR LOADING THE MODEL org.jalau.at18.searchobject.common.exception.MiddlewareException:     Enter a image 
oct. 31, 2022 9:56:54 P. M. org.jalau.at18.searchobject.middleware.FaceDetectionControllerMiddleware doFilter
INFO:  MODEL FACE DETECTION  
oct. 31, 2022 9:56:54 P. M. org.jalau.at18.searchobject.middleware.FaceDetectionControllerMiddleware doFilter
INFO:  ACCEPT THE IMAGE 
oct. 31, 2022 9:56:54 P. M. org.jalau.at18.searchobject.middleware.FaceDetectionControllerMiddleware doFilter
INFO: FACE DETECTION ---- RUNNING -------
oct. 31, 2022 9:57:05 P. M. org.jalau.at18.searchobject.middleware.EmotionRecognitionMiddleware doFilter
INFO: MODEL EMOTION RECOGNITION
oct. 31, 2022 9:57:05 P. M. org.jalau.at18.searchobject.middleware.EmotionRecognitionMiddleware doFilter
INFO:  ACCEPT THE IMAGE 
oct. 31, 2022 9:57:05 P. M. org.jalau.at18.searchobject.middleware.EmotionRecognitionMiddleware doFilter
INFO: EMOTION RECOGNITION ---- RUNNING -------
oct. 31, 2022 9:57:19 P. M. org.jalau.at18.searchobject.middleware.EmotionRecognitionMiddleware doFilter
INFO: MODEL EMOTION RECOGNITION
oct. 31, 2022 9:57:19 P. M. org.jalau.at18.searchobject.middleware.EmotionRecognitionMiddleware doFilter
INFO:  ACCEPT THE IMAGE 
oct. 31, 2022 9:57:19 P. M. org.jalau.at18.searchobject.middleware.EmotionRecognitionMiddleware doFilter
WARNING:  ENTER AN TOKEN 
oct. 31, 2022 9:57:19 P. M. org.jalau.at18.searchobject.middleware.EmotionRecognitionMiddleware doFilter
WARNING:  ERROR LOADING THE MODEL org.jalau.at18.searchobject.common.exception.MiddlewareException:     Enter an token 
oct. 31, 2022 9:57:24 P. M. org.jalau.at18.searchobject.middleware.EmotionRecognitionMiddleware doFilter
INFO: MODEL EMOTION RECOGNITION
oct. 31, 2022 9:57:24 P. M. org.jalau.at18.searchobject.middleware.EmotionRecognitionMiddleware doFilter
WARNING:  ENTER AN IMAGE 
oct. 31, 2022 9:57:24 P. M. org.jalau.at18.searchobject.middleware.EmotionRecognitionMiddleware doFilter
WARNING:  ERROR LOADING THE MODEL org.jalau.at18.searchobject.common.exception.MiddlewareException:     Enter a image 
oct. 31, 2022 9:57:38 P. M. org.jalau.at18.searchobject.middleware.EmotionRecognitionMiddleware doFilter
INFO: MODEL EMOTION RECOGNITION
oct. 31, 2022 9:57:38 P. M. org.jalau.at18.searchobject.middleware.EmotionRecognitionMiddleware doFilter
INFO:  ACCEPT THE IMAGE 
oct. 31, 2022 9:57:38 P. M. org.jalau.at18.searchobject.middleware.EmotionRecognitionMiddleware doFilter
WARNING:  ENTER AN TOKEN 
oct. 31, 2022 9:57:38 P. M. org.jalau.at18.searchobject.middleware.EmotionRecognitionMiddleware doFilter
WARNING:  ERROR LOADING THE MODEL org.jalau.at18.searchobject.common.exception.MiddlewareException:     Enter an token 
oct. 31, 2022 9:57:56 P. M. org.jalau.at18.searchobject.middleware.FaceDetectionControllerMiddleware doFilter
INFO:  MODEL FACE DETECTION  
oct. 31, 2022 9:57:56 P. M. org.jalau.at18.searchobject.middleware.FaceDetectionControllerMiddleware doFilter
INFO:  ACCEPT THE IMAGE 
oct. 31, 2022 9:57:56 P. M. org.jalau.at18.searchobject.middleware.FaceDetectionControllerMiddleware doFilter
WARNING:  THE TYPE FIELD IS EMPTY 
oct. 31, 2022 9:57:56 P. M. org.jalau.at18.searchobject.middleware.FaceDetectionControllerMiddleware doFilter
WARNING:  ERROR LOADING THE MODEL org.jalau.at18.searchobject.common.exception.MiddlewareException:     The type field is empty 
oct. 31, 2022 9:58:09 P. M. org.jalau.at18.searchobject.middleware.FaceDetectionControllerMiddleware doFilter
INFO:  MODEL FACE DETECTION  
oct. 31, 2022 9:58:09 P. M. org.jalau.at18.searchobject.middleware.FaceDetectionControllerMiddleware doFilter
INFO:  ACCEPT THE IMAGE 
oct. 31, 2022 9:58:09 P. M. org.jalau.at18.searchobject.middleware.FaceDetectionControllerMiddleware doFilter
INFO: FACE DETECTION ---- RUNNING -------
oct. 31, 2022 9:58:43 P. M. org.jalau.at18.searchobject.middleware.ProcessFrameControllerMidleware doFilter
INFO: MODEL PROCESS FRAME CONTROLLER
oct. 31, 2022 9:58:43 P. M. org.jalau.at18.searchobject.middleware.ProcessFrameControllerMidleware doFilter
INFO:  ACCEPT THE FILE 
oct. 31, 2022 9:58:43 P. M. org.jalau.at18.searchobject.middleware.ProcessFrameControllerMidleware doFilter
WARNING:  THE FIELDS ARE EMPTY 
oct. 31, 2022 9:58:43 P. M. org.jalau.at18.searchobject.middleware.ProcessFrameControllerMidleware doFilter
WARNING:  ERROR LOADING THE MODEL org.jalau.at18.searchobject.common.exception.MiddlewareException:  THE FIELDS ARE EMPTY
oct. 31, 2022 9:59:01 P. M. org.jalau.at18.searchobject.middleware.ProcessFrameControllerMidleware doFilter
INFO: MODEL PROCESS FRAME CONTROLLER
oct. 31, 2022 9:59:01 P. M. org.jalau.at18.searchobject.middleware.ProcessFrameControllerMidleware doFilter
INFO:  ACCEPT THE FILE 
oct. 31, 2022 9:59:01 P. M. org.jalau.at18.searchobject.middleware.ProcessFrameControllerMidleware doFilter
WARNING:  THE FIELDS ARE EMPTY 
oct. 31, 2022 9:59:01 P. M. org.jalau.at18.searchobject.middleware.ProcessFrameControllerMidleware doFilter
WARNING:  ERROR LOADING THE MODEL org.jalau.at18.searchobject.common.exception.MiddlewareException:  THE FIELDS ARE EMPTY
oct. 31, 2022 9:59:10 P. M. org.jalau.at18.searchobject.middleware.ProcessFrameControllerMidleware doFilter
INFO: MODEL PROCESS FRAME CONTROLLER
oct. 31, 2022 9:59:10 P. M. org.jalau.at18.searchobject.middleware.ProcessFrameControllerMidleware doFilter
INFO:  ACCEPT THE FILE 
oct. 31, 2022 9:59:10 P. M. org.jalau.at18.searchobject.middleware.ProcessFrameControllerMidleware doFilter
INFO: PROCESS FRAME CONTROLLER ------ RUNNING ------
oct. 31, 2022 9:59:10 P. M. org.jalau.at18.searchobject.model.objectrecognizer.recognizer.VerifyModelRecognizer getModelRecognizer
INFO: Model selected: OBJECTDETECTION
